The system is: Linux - sh: 0: getcwd() failed: No such file or directory
5.3.0-62-generic - sh: 0: getcwd() failed: No such file or directory
x86_64
Determining if the C compiler works passed with the following output:
Change Dir: /home/mohammad/SimpleNN/build/CMakeFiles/CMakeTmp

Run Build Command:"/usr/bin/make" "cmTC_8920f/fast"
/usr/bin/make -f CMakeFiles/cmTC_8920f.dir/build.make CMakeFiles/cmTC_8920f.dir/build
make[1]: Entering directory '/home/mohammad/SimpleNN/build/CMakeFiles/CMakeTmp'
Building C object CMakeFiles/cmTC_8920f.dir/testCCompiler.c.o
/usr/bin/gcc-7    -o CMakeFiles/cmTC_8920f.dir/testCCompiler.c.o   -c /home/mohammad/SimpleNN/build/CMakeFiles/CMakeTmp/testCCompiler.c
Linking C executable cmTC_8920f
/usr/bin/cmake -E cmake_link_script CMakeFiles/cmTC_8920f.dir/link.txt --verbose=1
/usr/bin/gcc-7      CMakeFiles/cmTC_8920f.dir/testCCompiler.c.o  -o cmTC_8920f 
make[1]: Leaving directory '/home/mohammad/SimpleNN/build/CMakeFiles/CMakeTmp'


Detecting C compiler ABI info compiled with the following output:
Change Dir: /home/mohammad/SimpleNN/build/CMakeFiles/CMakeTmp

Run Build Command:"/usr/bin/make" "cmTC_c8b33/fast"
/usr/bin/make -f CMakeFiles/cmTC_c8b33.dir/build.make CMakeFiles/cmTC_c8b33.dir/build
make[1]: Entering directory '/home/mohammad/SimpleNN/build/CMakeFiles/CMakeTmp'
Building C object CMakeFiles/cmTC_c8b33.dir/CMakeCCompilerABI.c.o
/usr/bin/gcc-7    -o CMakeFiles/cmTC_c8b33.dir/CMakeCCompilerABI.c.o   -c /usr/share/cmake-3.10/Modules/CMakeCCompilerABI.c
Linking C executable cmTC_c8b33
/usr/bin/cmake -E cmake_link_script CMakeFiles/cmTC_c8b33.dir/link.txt --verbose=1
/usr/bin/gcc-7      CMakeFiles/cmTC_c8b33.dir/CMakeCCompilerABI.c.o  -o cmTC_c8b33 
make[1]: Leaving directory '/home/mohammad/SimpleNN/build/CMakeFiles/CMakeTmp'


Determining if the CXX compiler works passed with the following output:
Change Dir: /home/mohammad/SimpleNN/build/CMakeFiles/CMakeTmp

Run Build Command:"/usr/bin/make" "cmTC_90773/fast"
/usr/bin/make -f CMakeFiles/cmTC_90773.dir/build.make CMakeFiles/cmTC_90773.dir/build
make[1]: Entering directory '/home/mohammad/SimpleNN/build/CMakeFiles/CMakeTmp'
Building CXX object CMakeFiles/cmTC_90773.dir/testCXXCompiler.cxx.o
/usr/bin/g++-7     -o CMakeFiles/cmTC_90773.dir/testCXXCompiler.cxx.o -c /home/mohammad/SimpleNN/build/CMakeFiles/CMakeTmp/testCXXCompiler.cxx
Linking CXX executable cmTC_90773
/usr/bin/cmake -E cmake_link_script CMakeFiles/cmTC_90773.dir/link.txt --verbose=1
/usr/bin/g++-7       CMakeFiles/cmTC_90773.dir/testCXXCompiler.cxx.o  -o cmTC_90773 
make[1]: Leaving directory '/home/mohammad/SimpleNN/build/CMakeFiles/CMakeTmp'


Detecting CXX compiler ABI info compiled with the following output:
Change Dir: /home/mohammad/SimpleNN/build/CMakeFiles/CMakeTmp

Run Build Command:"/usr/bin/make" "cmTC_e1c45/fast"
/usr/bin/make -f CMakeFiles/cmTC_e1c45.dir/build.make CMakeFiles/cmTC_e1c45.dir/build
make[1]: Entering directory '/home/mohammad/SimpleNN/build/CMakeFiles/CMakeTmp'
Building CXX object CMakeFiles/cmTC_e1c45.dir/CMakeCXXCompilerABI.cpp.o
/usr/bin/g++-7     -o CMakeFiles/cmTC_e1c45.dir/CMakeCXXCompilerABI.cpp.o -c /usr/share/cmake-3.10/Modules/CMakeCXXCompilerABI.cpp
Linking CXX executable cmTC_e1c45
/usr/bin/cmake -E cmake_link_script CMakeFiles/cmTC_e1c45.dir/link.txt --verbose=1
/usr/bin/g++-7       CMakeFiles/cmTC_e1c45.dir/CMakeCXXCompilerABI.cpp.o  -o cmTC_e1c45 
make[1]: Leaving directory '/home/mohammad/SimpleNN/build/CMakeFiles/CMakeTmp'


Determining if the include file pthread.h exists passed with the following output:
Change Dir: /home/mohammad/SimpleNN/build/CMakeFiles/CMakeTmp

Run Build Command:"/usr/bin/make" "cmTC_0b439/fast"
/usr/bin/make -f CMakeFiles/cmTC_0b439.dir/build.make CMakeFiles/cmTC_0b439.dir/build
make[1]: Entering directory '/home/mohammad/SimpleNN/build/CMakeFiles/CMakeTmp'
Building C object CMakeFiles/cmTC_0b439.dir/CheckIncludeFile.c.o
/usr/bin/gcc-7    -o CMakeFiles/cmTC_0b439.dir/CheckIncludeFile.c.o   -c /home/mohammad/SimpleNN/build/CMakeFiles/CMakeTmp/CheckIncludeFile.c
Linking C executable cmTC_0b439
/usr/bin/cmake -E cmake_link_script CMakeFiles/cmTC_0b439.dir/link.txt --verbose=1
/usr/bin/gcc-7      CMakeFiles/cmTC_0b439.dir/CheckIncludeFile.c.o  -o cmTC_0b439 
make[1]: Leaving directory '/home/mohammad/SimpleNN/build/CMakeFiles/CMakeTmp'


Determining if the function pthread_create exists in the pthread passed with the following output:
Change Dir: /home/mohammad/SimpleNN/build/CMakeFiles/CMakeTmp

Run Build Command:"/usr/bin/make" "cmTC_a893f/fast"
/usr/bin/make -f CMakeFiles/cmTC_a893f.dir/build.make CMakeFiles/cmTC_a893f.dir/build
make[1]: Entering directory '/home/mohammad/SimpleNN/build/CMakeFiles/CMakeTmp'
Building C object CMakeFiles/cmTC_a893f.dir/CheckFunctionExists.c.o
/usr/bin/gcc-7   -DCHECK_FUNCTION_EXISTS=pthread_create   -o CMakeFiles/cmTC_a893f.dir/CheckFunctionExists.c.o   -c /usr/share/cmake-3.10/Modules/CheckFunctionExists.c
Linking C executable cmTC_a893f
/usr/bin/cmake -E cmake_link_script CMakeFiles/cmTC_a893f.dir/link.txt --verbose=1
/usr/bin/gcc-7  -DCHECK_FUNCTION_EXISTS=pthread_create    CMakeFiles/cmTC_a893f.dir/CheckFunctionExists.c.o  -o cmTC_a893f -lpthread 
make[1]: Leaving directory '/home/mohammad/SimpleNN/build/CMakeFiles/CMakeTmp'


