Compiling the C compiler identification source file "CMakeCCompilerId.c" failed.
Compiler: /usr/bin/gcc-7 
Build flags: 
Id flags:  

The output was:
No such file or directory


Compiling the C compiler identification source file "CMakeCCompilerId.c" failed.
Compiler: /usr/bin/gcc-7 
Build flags: 
Id flags: -c 

The output was:
No such file or directory


Compiling the C compiler identification source file "CMakeCCompilerId.c" failed.
Compiler: /usr/bin/gcc-7 
Build flags: 
Id flags: -Aa 

The output was:
No such file or directory


Compiling the C compiler identification source file "CMakeCCompilerId.c" failed.
Compiler: /usr/bin/gcc-7 
Build flags: 
Id flags: -D__CLASSIC_C__ 

The output was:
No such file or directory


Compiling the C compiler identification source file "CMakeCCompilerId.c" failed.
Compiler: /usr/bin/gcc-7 
Build flags: 
Id flags:  

The output was:
No such file or directory


Compiling the C compiler identification source file "CMakeCCompilerId.c" failed.
Compiler: /usr/bin/gcc-7 
Build flags: 
Id flags: -c 

The output was:
No such file or directory


Compiling the C compiler identification source file "CMakeCCompilerId.c" failed.
Compiler: /usr/bin/gcc-7 
Build flags: 
Id flags: -Aa 

The output was:
No such file or directory


Compiling the C compiler identification source file "CMakeCCompilerId.c" failed.
Compiler: /usr/bin/gcc-7 
Build flags: 
Id flags: -D__CLASSIC_C__ 

The output was:
No such file or directory


Checking whether the C compiler is IAR using "" did not match "IAR .+ Compiler":
Checking whether the C compiler is IAR using "" did not match "IAR .+ Compiler":
Compiling the CXX compiler identification source file "CMakeCXXCompilerId.cpp" failed.
Compiler: /usr/bin/g++-7 
Build flags: 
Id flags:  

The output was:
No such file or directory


Compiling the CXX compiler identification source file "CMakeCXXCompilerId.cpp" failed.
Compiler: /usr/bin/g++-7 
Build flags: 
Id flags: -c 

The output was:
No such file or directory


Compiling the CXX compiler identification source file "CMakeCXXCompilerId.cpp" failed.
Compiler: /usr/bin/g++-7 
Build flags: 
Id flags: --c++ 

The output was:
No such file or directory


Compiling the CXX compiler identification source file "CMakeCXXCompilerId.cpp" failed.
Compiler: /usr/bin/g++-7 
Build flags: 
Id flags: --ec++ 

The output was:
No such file or directory


Compiling the CXX compiler identification source file "CMakeCXXCompilerId.cpp" failed.
Compiler: /usr/bin/g++-7 
Build flags: 
Id flags:  

The output was:
No such file or directory


Compiling the CXX compiler identification source file "CMakeCXXCompilerId.cpp" failed.
Compiler: /usr/bin/g++-7 
Build flags: 
Id flags: -c 

The output was:
No such file or directory


Compiling the CXX compiler identification source file "CMakeCXXCompilerId.cpp" failed.
Compiler: /usr/bin/g++-7 
Build flags: 
Id flags: --c++ 

The output was:
No such file or directory


Compiling the CXX compiler identification source file "CMakeCXXCompilerId.cpp" failed.
Compiler: /usr/bin/g++-7 
Build flags: 
Id flags: --ec++ 

The output was:
No such file or directory


Checking whether the CXX compiler is IAR using "" did not match "IAR .+ Compiler":
Checking whether the CXX compiler is IAR using "" did not match "IAR .+ Compiler":
Determining if the pthread_create exist failed with the following output:
Change Dir: /home/mohammad/SimpleNN/build/CMakeFiles/CMakeTmp

Run Build Command:"/usr/bin/make" "cmTC_9d20b/fast"
/usr/bin/make -f CMakeFiles/cmTC_9d20b.dir/build.make CMakeFiles/cmTC_9d20b.dir/build
make[1]: Entering directory '/home/mohammad/SimpleNN/build/CMakeFiles/CMakeTmp'
Building C object CMakeFiles/cmTC_9d20b.dir/CheckSymbolExists.c.o
/usr/bin/gcc-7    -o CMakeFiles/cmTC_9d20b.dir/CheckSymbolExists.c.o   -c /home/mohammad/SimpleNN/build/CMakeFiles/CMakeTmp/CheckSymbolExists.c
Linking C executable cmTC_9d20b
/usr/bin/cmake -E cmake_link_script CMakeFiles/cmTC_9d20b.dir/link.txt --verbose=1
/usr/bin/gcc-7      CMakeFiles/cmTC_9d20b.dir/CheckSymbolExists.c.o  -o cmTC_9d20b 
CMakeFiles/cmTC_9d20b.dir/CheckSymbolExists.c.o: In function `main':
CheckSymbolExists.c:(.text+0x1b): undefined reference to `pthread_create'
collect2: error: ld returned 1 exit status
CMakeFiles/cmTC_9d20b.dir/build.make:97: recipe for target 'cmTC_9d20b' failed
make[1]: *** [cmTC_9d20b] Error 1
make[1]: Leaving directory '/home/mohammad/SimpleNN/build/CMakeFiles/CMakeTmp'
Makefile:126: recipe for target 'cmTC_9d20b/fast' failed
make: *** [cmTC_9d20b/fast] Error 2

File /home/mohammad/SimpleNN/build/CMakeFiles/CMakeTmp/CheckSymbolExists.c:
/* */
#include <pthread.h>

int main(int argc, char** argv)
{
  (void)argv;
#ifndef pthread_create
  return ((int*)(&pthread_create))[argc];
#else
  (void)argc;
  return 0;
#endif
}

Determining if the function pthread_create exists in the pthreads failed with the following output:
Change Dir: /home/mohammad/SimpleNN/build/CMakeFiles/CMakeTmp

Run Build Command:"/usr/bin/make" "cmTC_443e3/fast"
/usr/bin/make -f CMakeFiles/cmTC_443e3.dir/build.make CMakeFiles/cmTC_443e3.dir/build
make[1]: Entering directory '/home/mohammad/SimpleNN/build/CMakeFiles/CMakeTmp'
Building C object CMakeFiles/cmTC_443e3.dir/CheckFunctionExists.c.o
/usr/bin/gcc-7   -DCHECK_FUNCTION_EXISTS=pthread_create   -o CMakeFiles/cmTC_443e3.dir/CheckFunctionExists.c.o   -c /usr/share/cmake-3.10/Modules/CheckFunctionExists.c
Linking C executable cmTC_443e3
/usr/bin/cmake -E cmake_link_script CMakeFiles/cmTC_443e3.dir/link.txt --verbose=1
/usr/bin/gcc-7  -DCHECK_FUNCTION_EXISTS=pthread_create    CMakeFiles/cmTC_443e3.dir/CheckFunctionExists.c.o  -o cmTC_443e3 -lpthreads 
/usr/bin/ld: cannot find -lpthreads
collect2: error: ld returned 1 exit status
CMakeFiles/cmTC_443e3.dir/build.make:97: recipe for target 'cmTC_443e3' failed
make[1]: *** [cmTC_443e3] Error 1
make[1]: Leaving directory '/home/mohammad/SimpleNN/build/CMakeFiles/CMakeTmp'
Makefile:126: recipe for target 'cmTC_443e3/fast' failed
make: *** [cmTC_443e3/fast] Error 2


